<?xml version="1.0" encoding="UTF-8"?>
<robot generator="Robot 3.1.2 (Python 3.9.4 on win32)" generated="20210423 01:52:42.796" rpa="false">
<suite id="s1" name="RobotProject1" source="C:\Users\thegr\eclipse-workspace\RobotProject1">
<suite id="s1-s1" name="Test" source="C:\Users\thegr\eclipse-workspace\RobotProject1\test">
<suite id="s1-s1-s1" name="TestSuite1" source="C:\Users\thegr\eclipse-workspace\RobotProject1\test\TestSuite1.robot">
<kw name="Log" library="BuiltIn" type="setup">
<doc>Logs the given message with the given level.</doc>
<arguments>
<arg>I am inside Test Suite Setup</arg>
</arguments>
<msg timestamp="20210423 01:52:43.138" level="INFO">I am inside Test Suite Setup</msg>
<status status="PASS" starttime="20210423 01:52:43.138" endtime="20210423 01:52:43.138"></status>
</kw>
<test id="s1-s1-s1-t1" name="MyFirstTest">
<kw name="Log" library="BuiltIn" type="setup">
<doc>Logs the given message with the given level.</doc>
<arguments>
<arg>I am inside Test Setup</arg>
</arguments>
<msg timestamp="20210423 01:52:43.139" level="INFO">I am inside Test Setup</msg>
<status status="PASS" starttime="20210423 01:52:43.139" endtime="20210423 01:52:43.139"></status>
</kw>
<kw name="Log" library="BuiltIn">
<doc>Logs the given message with the given level.</doc>
<arguments>
<arg>Hello World!</arg>
</arguments>
<msg timestamp="20210423 01:52:43.140" level="INFO">Hello World!</msg>
<status status="PASS" starttime="20210423 01:52:43.140" endtime="20210423 01:52:43.140"></status>
</kw>
<kw name="Log" library="BuiltIn" type="teardown">
<doc>Logs the given message with the given level.</doc>
<arguments>
<arg>i am inside Test Teardown</arg>
</arguments>
<msg timestamp="20210423 01:52:43.140" level="INFO">i am inside Test Teardown</msg>
<status status="PASS" starttime="20210423 01:52:43.140" endtime="20210423 01:52:43.140"></status>
</kw>
<status status="PASS" starttime="20210423 01:52:43.138" endtime="20210423 01:52:43.140" critical="yes"></status>
</test>
<test id="s1-s1-s1-t2" name="FirstSeleniumTest">
<kw name="Log" library="BuiltIn" type="setup">
<doc>Logs the given message with the given level.</doc>
<arguments>
<arg>I am inside Test Setup</arg>
</arguments>
<msg timestamp="20210423 01:52:43.141" level="INFO">I am inside Test Setup</msg>
<status status="PASS" starttime="20210423 01:52:43.141" endtime="20210423 01:52:43.142"></status>
</kw>
<kw name="Open Browser" library="SeleniumLibrary">
<doc>Opens a new browser instance to the optional ``url``.</doc>
<arguments>
<arg>https://opensource-demo.orangehrmlive.com/</arg>
<arg>ff</arg>
</arguments>
<msg timestamp="20210423 01:52:43.142" level="INFO">Opening browser 'ff' to base url 'https://opensource-demo.orangehrmlive.com/'.</msg>
<msg timestamp="20210423 01:52:43.152" level="INFO">Firefox driver log is always forced to to: C:\Users\thegr\eclipse-workspace\RobotProject1\geckodriver-45.log</msg>
<status status="PASS" starttime="20210423 01:52:43.142" endtime="20210423 01:52:54.363"></status>
</kw>
<kw name="Set Browser Implicit Wait" library="SeleniumLibrary">
<doc>Sets the implicit wait value used by Selenium.</doc>
<arguments>
<arg>5</arg>
</arguments>
<status status="PASS" starttime="20210423 01:52:54.365" endtime="20210423 01:52:54.390"></status>
</kw>
<kw name="Input Text" library="SeleniumLibrary">
<doc>Types the given ``text`` into the text field identified by ``locator``.</doc>
<arguments>
<arg>name=txtUsername</arg>
<arg>Admin</arg>
</arguments>
<msg timestamp="20210423 01:52:54.391" level="INFO">Typing text 'Admin' into text field 'name=txtUsername'.</msg>
<status status="PASS" starttime="20210423 01:52:54.391" endtime="20210423 01:52:54.463"></status>
</kw>
<kw name="Input Text" library="SeleniumLibrary">
<doc>Types the given ``text`` into the text field identified by ``locator``.</doc>
<arguments>
<arg>name=txtPassword</arg>
<arg>admin123</arg>
</arguments>
<msg timestamp="20210423 01:52:54.465" level="INFO">Typing text 'admin123' into text field 'name=txtPassword'.</msg>
<status status="PASS" starttime="20210423 01:52:54.464" endtime="20210423 01:52:54.494"></status>
</kw>
<kw name="Press Keys" library="SeleniumLibrary">
<doc>Simulates the user pressing key(s) to an element or on the active browser.</doc>
<arguments>
<arg>id=btnLogin</arg>
<arg>ENTER</arg>
</arguments>
<msg timestamp="20210423 01:52:54.496" level="INFO">Sending key(s) ('ENTER',) to id=btnLogin element.</msg>
<msg timestamp="20210423 01:52:54.825" level="INFO">Pressing special key ENTER to element.</msg>
<msg timestamp="20210423 01:52:54.826" level="INFO">Releasing special key ENTER.</msg>
<status status="PASS" starttime="20210423 01:52:54.495" endtime="20210423 01:52:54.845"></status>
</kw>
<kw name="Sleep" library="BuiltIn">
<doc>Pauses the test executed for the given time.</doc>
<arguments>
<arg>7</arg>
</arguments>
<msg timestamp="20210423 01:53:01.850" level="INFO">Slept 7 seconds</msg>
<status status="PASS" starttime="20210423 01:52:54.846" endtime="20210423 01:53:01.851"></status>
</kw>
<kw name="Close Browser" library="SeleniumLibrary">
<doc>Closes the current browser.</doc>
<status status="PASS" starttime="20210423 01:53:01.851" endtime="20210423 01:53:02.955"></status>
</kw>
<kw name="Log" library="BuiltIn">
<doc>Logs the given message with the given level.</doc>
<arguments>
<arg>Test Completed</arg>
</arguments>
<msg timestamp="20210423 01:53:02.956" level="INFO">Test Completed</msg>
<status status="PASS" starttime="20210423 01:53:02.956" endtime="20210423 01:53:02.956"></status>
</kw>
<kw name="Log" library="BuiltIn" type="teardown">
<doc>Logs the given message with the given level.</doc>
<arguments>
<arg>i am inside Test Teardown</arg>
</arguments>
<msg timestamp="20210423 01:53:02.957" level="INFO">i am inside Test Teardown</msg>
<status status="PASS" starttime="20210423 01:53:02.956" endtime="20210423 01:53:02.957"></status>
</kw>
<status status="PASS" starttime="20210423 01:52:43.141" endtime="20210423 01:53:02.957" critical="yes"></status>
</test>
<test id="s1-s1-s1-t3" name="SampleLoginTest">
<kw name="Log" library="BuiltIn" type="setup">
<doc>Logs the given message with the given level.</doc>
<arguments>
<arg>I am inside Test Setup</arg>
</arguments>
<msg timestamp="20210423 01:53:02.958" level="INFO">I am inside Test Setup</msg>
<status status="PASS" starttime="20210423 01:53:02.958" endtime="20210423 01:53:02.958"></status>
</kw>
<kw name="Open Browser" library="SeleniumLibrary">
<doc>Opens a new browser instance to the optional ``url``.</doc>
<arguments>
<arg>${URL}</arg>
<arg>ff</arg>
</arguments>
<msg timestamp="20210423 01:53:02.959" level="INFO">Opening browser 'ff' to base url 'https://opensource-demo.orangehrmlive.com/'.</msg>
<msg timestamp="20210423 01:53:02.963" level="INFO">Firefox driver log is always forced to to: C:\Users\thegr\eclipse-workspace\RobotProject1\geckodriver-46.log</msg>
<status status="PASS" starttime="20210423 01:53:02.959" endtime="20210423 01:53:15.494"></status>
</kw>
<kw name="Set Browser Implicit Wait" library="SeleniumLibrary">
<doc>Sets the implicit wait value used by Selenium.</doc>
<arguments>
<arg>5</arg>
</arguments>
<status status="PASS" starttime="20210423 01:53:15.495" endtime="20210423 01:53:15.517"></status>
</kw>
<kw name="LoginKW">
<kw name="Input Text" library="SeleniumLibrary">
<doc>Types the given ``text`` into the text field identified by ``locator``.</doc>
<arguments>
<arg>name=txtUsername</arg>
<arg>@{CREDENTIALS}[0]</arg>
</arguments>
<msg timestamp="20210423 01:53:15.520" level="INFO">Typing text 'Admin' into text field 'name=txtUsername'.</msg>
<status status="PASS" starttime="20210423 01:53:15.519" endtime="20210423 01:53:15.593"></status>
</kw>
<kw name="Input Text" library="SeleniumLibrary">
<doc>Types the given ``text`` into the text field identified by ``locator``.</doc>
<arguments>
<arg>name=txtPassword</arg>
<arg>&amp;{LGOINDATA}[password]</arg>
</arguments>
<msg timestamp="20210423 01:53:15.596" level="INFO">Typing text 'admin123' into text field 'name=txtPassword'.</msg>
<status status="PASS" starttime="20210423 01:53:15.594" endtime="20210423 01:53:15.627"></status>
</kw>
<kw name="Click Button" library="SeleniumLibrary">
<doc>Clicks the button identified by ``locator``.</doc>
<arguments>
<arg>id=btnLogin</arg>
<arg>ENTER</arg>
</arguments>
<msg timestamp="20210423 01:53:15.629" level="INFO">Clicking ['button', 'input'] 'id=btnLogin' with ENTER.</msg>
<status status="PASS" starttime="20210423 01:53:15.628" endtime="20210423 01:53:15.980"></status>
</kw>
<status status="PASS" starttime="20210423 01:53:15.518" endtime="20210423 01:53:15.981"></status>
</kw>
<kw name="Log" library="BuiltIn">
<doc>Logs the given message with the given level.</doc>
<arguments>
<arg>Test Completed</arg>
</arguments>
<msg timestamp="20210423 01:53:15.983" level="INFO">Test Completed</msg>
<status status="PASS" starttime="20210423 01:53:15.982" endtime="20210423 01:53:15.984"></status>
</kw>
<kw name="Log" library="BuiltIn">
<doc>Logs the given message with the given level.</doc>
<arguments>
<arg>This test was executed by %{username} on %{os}</arg>
</arguments>
<msg timestamp="20210423 01:53:15.985" level="INFO">This test was executed by thegr on Windows_NT</msg>
<status status="PASS" starttime="20210423 01:53:15.984" endtime="20210423 01:53:15.986"></status>
</kw>
<kw name="Sleep" library="BuiltIn">
<doc>Pauses the test executed for the given time.</doc>
<arguments>
<arg>5</arg>
</arguments>
<msg timestamp="20210423 01:53:21.003" level="INFO">Slept 5 seconds</msg>
<status status="PASS" starttime="20210423 01:53:15.987" endtime="20210423 01:53:21.004"></status>
</kw>
<kw name="Close Browser" library="SeleniumLibrary">
<doc>Closes the current browser.</doc>
<status status="PASS" starttime="20210423 01:53:21.004" endtime="20210423 01:53:22.161"></status>
</kw>
<kw name="Log" library="BuiltIn" type="teardown">
<doc>Logs the given message with the given level.</doc>
<arguments>
<arg>i am inside Test Teardown</arg>
</arguments>
<msg timestamp="20210423 01:53:22.163" level="INFO">i am inside Test Teardown</msg>
<status status="PASS" starttime="20210423 01:53:22.162" endtime="20210423 01:53:22.164"></status>
</kw>
<doc>This is a sample login test</doc>
<status status="PASS" starttime="20210423 01:53:02.957" endtime="20210423 01:53:22.164" critical="yes"></status>
</test>
<kw name="Log" library="BuiltIn" type="teardown">
<doc>Logs the given message with the given level.</doc>
<arguments>
<arg>I am inside Test Suite Teardown</arg>
</arguments>
<msg timestamp="20210423 01:53:22.165" level="INFO">I am inside Test Suite Teardown</msg>
<status status="PASS" starttime="20210423 01:53:22.165" endtime="20210423 01:53:22.165"></status>
</kw>
<status status="PASS" starttime="20210423 01:52:42.876" endtime="20210423 01:53:22.166"></status>
</suite>
<status status="PASS" starttime="20210423 01:52:42.873" endtime="20210423 01:53:22.168"></status>
</suite>
<status status="PASS" starttime="20210423 01:52:42.842" endtime="20210423 01:53:22.170"></status>
</suite>
<statistics>
<total>
<stat pass="3" fail="0">Critical Tests</stat>
<stat pass="3" fail="0">All Tests</stat>
</total>
<tag>
</tag>
<suite>
<stat pass="3" fail="0" id="s1" name="RobotProject1">RobotProject1</stat>
<stat pass="3" fail="0" id="s1-s1" name="Test">RobotProject1.Test</stat>
<stat pass="3" fail="0" id="s1-s1-s1" name="TestSuite1">RobotProject1.Test.TestSuite1</stat>
</suite>
</statistics>
<errors>
</errors>
</robot>
